<?xml version="1.0" encoding="UTF-8"?>
<testsuite xmlns:xsi="http://www.w3.org/2001/XMLSchema-instance" xsi:noNamespaceSchemaLocation="https://maven.apache.org/surefire/maven-surefire-plugin/xsd/surefire-test-report.xsd" version="3.0.2" name="StackArrayListTest" time="0.002" tests="8" errors="0" skipped="0" failures="0">
  <properties>
[...]
</properties>
  <testcase name="testPopOnEmptyStackReturnsNull" classname="StackArrayListTest" time="0.0"/>
  <testcase name="testLIFOBehavior" classname="StackArrayListTest" time="0.0"/>
  <testcase name="testClearEmptiesStack" classname="StackArrayListTest" time="0.0"/>
  <testcase name="testPushIncreasesSize" classname="StackArrayListTest" time="0.0"/>
  <testcase name="testPopReturnsLastElement" classname="StackArrayListTest" time="0.0"/>
  <testcase name="testStackStartsEmpty" classname="StackArrayListTest" time="0.0"/>
  <testcase name="testPeekReturnsLastElement" classname="StackArrayListTest" time="0.0"/>
  <testcase name="testPeekOnEmptyStackReturnsNull" classname="StackArrayListTest" time="0.0"/>
</testsuite>